00000000000i[     ] Bochs x86 Emulator 2.4.1.cvs
00000000000i[     ]   Build from CVS snapshot, after release 2.4.1
00000000000i[     ] System configuration
00000000000i[     ]   processors: 1 (cores=1, HT threads=1)
00000000000i[     ]   A20 line support: yes
00000000000i[     ] CPU configuration
00000000000i[     ]   level: 5
00000000000i[     ]   SMP support: no
00000000000i[     ]   APIC support: no
00000000000i[     ]   FPU support: yes
00000000000i[     ]   MMX support: yes
00000000000i[     ]   SSE support: no
00000000000i[     ]   CLFLUSH support: no
00000000000i[     ]   3dnow! support: no
00000000000i[     ]   x86-64 support: no
00000000000i[     ]   SEP support: no
00000000000i[     ]   MWAIT support: no
00000000000i[     ]   XSAVE support: no
00000000000i[     ]   AES support: no
00000000000i[     ]   VMX support: no
00000000000i[     ] Optimization configuration
00000000000i[     ]   RepeatSpeedups support: no
00000000000i[     ]   Trace cache support: no
00000000000i[     ]   Fast function calls: no
00000000000i[     ] Devices configuration
00000000000i[     ]   ACPI support: no
00000000000i[     ]   NE2000 support: no
00000000000i[     ]   PCI support: no, enabled=yes
00000000000i[     ]   SB16 support: no
00000000000i[     ]   USB support: no
00000000000i[     ]   VGA extension support: vbe 
00000000000i[MEM0 ] allocated memory at 0xb55c0008. after alignment, vector=0xb55c1000
00000000000i[MEM0 ] 32.00MB
00000000000i[MEM0 ] rom at 0xfffe0000/131072 ('/usr/share/bochs/BIOS-bochs-latest')
00000000000i[MEM0 ] rom at 0xc0000/40448 ('/usr/share/bochs/VGABIOS-lgpl-latest')
00000000000e[DEV  ] Bochs is not compiled with PCI support
00000000000i[CMOS ] Using local time for initial clock
00000000000i[CMOS ] Setting initial clock to: Wed Oct 14 21:43:04 2009 (time0=1255567384)
00000000000i[DMA  ] channel 4 used by cascade
00000000000i[DMA  ] channel 2 used by Floppy Drive
00000000000i[FDD  ] fd0: 'diskette.img' ro=0, h=2,t=80,spt=18
00000000000i[VGA  ] interval=50000
00000000000i[MEM0 ] Register memory access handlers: 0x000a0000 - 0x000bffff
00000000000i[XGUI ] test_alloc_colors: 16 colors available out of 16 colors tried
00000000000i[XGUI ] font 8 wide x 16 high, display depth = 24
00000000000i[MEM0 ] Register memory access handlers: 0xe0000000 - 0xe0ffffff
00000000000i[VGA  ] VBE Bochs Display Extension Enabled
00000000000i[     ] init_dev of 'unmapped' plugin device by virtual method
00000000000i[     ] init_dev of 'biosdev' plugin device by virtual method
00000000000i[     ] init_dev of 'speaker' plugin device by virtual method
00000000000i[SPEAK] Failed to open /dev/console: Resource temporarily unavailable
00000000000i[SPEAK] Deactivating beep on console
00000000000i[     ] init_dev of 'extfpuirq' plugin device by virtual method
00000000000i[     ] init_dev of 'keyboard' plugin device by virtual method
00000000000i[KBD  ] will paste characters every 1000 keyboard ticks
00000000000i[     ] init_dev of 'harddrv' plugin device by virtual method
00000000000i[HD   ] Using boot sequence floppy, none, none
00000000000i[HD   ] Floppy boot signature check is enabled
00000000000i[     ] init_dev of 'serial' plugin device by virtual method
00000000000i[SER  ] com1 at 0x03f8 irq 4
00000000000i[     ] init_dev of 'parallel' plugin device by virtual method
00000000000i[PAR  ] parallel port 1 at 0x0378 irq 7
00000000000i[     ] register state of 'unmapped' plugin device by virtual method
00000000000i[     ] register state of 'biosdev' plugin device by virtual method
00000000000i[     ] register state of 'speaker' plugin device by virtual method
00000000000i[     ] register state of 'extfpuirq' plugin device by virtual method
00000000000i[     ] register state of 'keyboard' plugin device by virtual method
00000000000i[     ] register state of 'harddrv' plugin device by virtual method
00000000000i[     ] register state of 'serial' plugin device by virtual method
00000000000i[     ] register state of 'parallel' plugin device by virtual method
00000000000i[SYS  ] bx_pc_system_c::Reset(HARDWARE) called
00000000000i[CPU0 ] cpu hardware reset
00000000000i[     ] reset of 'unmapped' plugin device by virtual method
00000000000i[     ] reset of 'biosdev' plugin device by virtual method
00000000000i[     ] reset of 'speaker' plugin device by virtual method
00000000000i[     ] reset of 'extfpuirq' plugin device by virtual method
00000000000i[     ] reset of 'keyboard' plugin device by virtual method
00000000000i[     ] reset of 'harddrv' plugin device by virtual method
00000000000i[     ] reset of 'serial' plugin device by virtual method
00000000000i[     ] reset of 'parallel' plugin device by virtual method
00000000000i[XGUI ] [x] Mouse off
00000000000i[GDBST] addr fff0 len 8
00000000000i[GDBST] addr fff0 len 7
00000000000i[GDBST] addr 100320 len 1
00000000000i[GDBST] addr 100320 len 1
00000000000i[GDBST] addr 100320 len 1
00000000000i[GDBST] addr 100320 len 1
00000000000i[GDBST] addr 100320 len e
00000000000i[GDBST] addr 100320 len 1
00000000000i[GDBST] addr 100320 len 1
00000000000i[GDBST] addr 100320 len 1
00000000000i[GDBST] setting breakpoint at 100320
00000003553i[BIOS ] $Revision: 1.231.2.1 $ $Date: 2009/06/07 07:49:09 $
00000318057i[KBD  ] reset-disable command received
00000444815i[VBIOS] VGABios $Id: vgabios.c,v 1.69 2009/04/07 18:18:20 vruppert Exp $
00000444886i[VGA  ] VBE known Display Interface b0c0
00000444918i[VGA  ] VBE known Display Interface b0c5
00000447843i[VBIOS] VBE Bios $Id: vbe.c,v 1.62 2009/01/25 15:46:25 vruppert Exp $
00000600000i[XGUI ] charmap update. Font Height is 16
00000762284i[BIOS ] Starting rombios32
00000762777i[BIOS ] Shutdown flag 0
00000763454i[BIOS ] ram_size=0x02000000
00000763928i[BIOS ] ram_end=32MB
00000764439i[BIOS ] Found 1 cpu(s)
00000780563i[BIOS ] bios_table_addr: 0x000fba88 end=0x000fcc00
00000795921i[BIOS ] MP table addr=0x000fbb60 MPC table addr=0x000fba90 size=0xd0
00000797706i[BIOS ] SMBIOS table addr=0x000fbb70
00000798585i[BIOS ] bios_table_cur_addr: 0x000fbc7a
00012943266i[BIOS ] Booting from 0000:7c00
00024477323i[BIOS ] int13_harddisk: function 41, unmapped device for ELDL=80
00024482099i[BIOS ] int13_harddisk: function 08, unmapped device for ELDL=80
00024486749i[BIOS ] *** int 15h function AX=00c0, BX=0000 not yet supported!
00042979798i[GDBST] found breakpoint at 100320
00042979798i[GDBST] stopped with ac1
00042979798i[GDBST] reg 8 set to 100320
00042979798i[GDBST] reg 41 set to ffffffff
00042979798i[GDBST] Removing breakpoint at 100320
00042979798i[GDBST] addr 10503c len 4
00042979798i[GDBST] addr 105040 len 4
00042979798p[GDBST] >>PANIC<< Debugger asked us to quit
00042979798i[CPU0 ] CPU is in protected mode (active)
00042979798i[CPU0 ] CS.d_b = 32 bit
00042979798i[CPU0 ] SS.d_b = 32 bit
00042979798i[CPU0 ] | EAX=2badb002  EBX=000322a0  ECX=00000000  EDX=00000001
00042979798i[CPU0 ] | ESP=00105038  EBP=00067e9c  ESI=000263a0  EDI=00058f38
00042979798i[CPU0 ] | IOPL=0 id vip vif ac vm rf nt of df if tf sf ZF af PF cf
00042979798i[CPU0 ] | SEG selector     base    limit G D
00042979798i[CPU0 ] | SEG sltr(index|ti|rpl)     base    limit G D
00042979798i[CPU0 ] |  CS:0008( 0001| 0|  0) 00000000 ffffffff 1 1
00042979798i[CPU0 ] |  DS:0010( 0002| 0|  0) 00000000 ffffffff 1 1
00042979798i[CPU0 ] |  SS:0010( 0002| 0|  0) 00000000 ffffffff 1 1
00042979798i[CPU0 ] |  ES:0010( 0002| 0|  0) 00000000 ffffffff 1 1
00042979798i[CPU0 ] |  FS:0010( 0002| 0|  0) 00000000 ffffffff 1 1
00042979798i[CPU0 ] |  GS:0010( 0002| 0|  0) 00000000 ffffffff 1 1
00042979798i[CPU0 ] | EIP=00100320 (00100320)
00042979798i[CPU0 ] | CR0=0x60000011 CR2=0x00000000
00042979798i[CPU0 ] | CR3=0x00000000 CR4=0x00000000
00042979798i[CPU0 ] 0x00100320>> push ebp : 55
00042979798i[CMOS ] Last time is 1255567394 (Wed Oct 14 21:43:14 2009)
00042979798i[XGUI ] Exit
00042979798i[     ] restoring default signal behavior
00042979798i[CTRL ] quit_sim called with exit code 1
